
   Program  MARK  - Survival Rate Estimation with Capture-Recapture Data
   gfortran(dble) Vers. 9.0 Jan 2019  16-Nov-2021 17:13:12    Page  001
    
 - - - - - - - - - - - - - - - - - - - - - - - - - - - - - - - - - - - - - -
 
   Welcome to MARK Owner on machine DESKTOP-OAF25D7 in subdirectory 
   "C:\Users\Owner\Desktop\WildlifeDataAnalysis\WildlifeDataAnalysis\6_survival\Known_fate" running file "mark014.inp".
   This version was compiled by GCC version 10.3.0 using the options: 
     -cpp -iprefix c:\tdm-gcc-64\gcc64\bin\../lib/gcc/x86_64-w64-mingw32/10.3.0/
     -D_MT -U_REENTRANT -D IEEE -D DBLEPRECISION -m64 -mtune=generic -march=x86-64
     -mthreads -O2 -std=f2018 -fimplicit-none -fbounds-check -funroll-loops
     -ftree-vectorize -ffpe-summary=invalid,zero,overflow,underflow
     -fno-unsafe-math-optimizations -frounding-math -fsignaling-nans -flto
     -fall-intrinsics -fopenmp.

   This problem will use 7 of 8 possible threads.


  INPUT --- proc title ;

   CPU Time for the last procedure was 0.01 seconds.     


  INPUT --- proc chmatrix occasions= 6 groups= 2 etype= Known Nodes= 
  INPUT --- 101 ICMeans NoHist hist= 29  ;

  INPUT ---    time interval 1 1 1 1 1 1 ;

  INPUT ---    glabel(1)=SexF;

  INPUT ---    glabel(2)=SexM;

   * *  WARNING  * *   At least a pair of the encounter histories are duplicates. 

      Number of unique encounter histories read was 21.

      Number of individual covariates read was 0.
      Time interval lengths are all equal to 1.

      Data type number is 4
      Data type is Known Fate

   CPU Time for the last procedure was 0.01 seconds.     

  Program  MARK  - Survival Rate Estimation with Capture-Recapture Data
   gfortran(dble) Vers. 9.0 Jan 2019  16-Nov-2021 17:13:12    Page  002
 - - - - - - - - - - - - - - - - - - - - - - - - - - - - - - - - - - - - - -
 


  INPUT --- proc estimate link=Logit NOLOOP varest=2ndPart    ;


  INPUT --- model={ S(~Sex) };

  INPUT ---    group=1 S    rows=1 cols=6 Square ;
  INPUT ---        1 1 1 1 1 1 ;

  INPUT ---    group=2 S    rows=1 cols=6 Square ;
  INPUT ---        2 2 2 2 2 2 ;

  INPUT ---    design matrix constraints=2 covariates=2;
  INPUT ---        1 0;
  INPUT ---        1 1;
  INPUT ---       blabel(1)=S:(Intercept);
  INPUT ---       blabel(2)=S:SexM;
  INPUT ---       rlabel(1)=S gF a1 t2;
  INPUT ---       rlabel(2)=S gM a1 t2;

 Link Function Used is LOGIT        

 Variance Estimation Procedure Used is 2ndPart 
 -2logL(saturated) = 90.545513     
 Effective Sample Size = 181

 Number of function evaluations was 15 for 2 parameters.
 CPU Time for numerical optimization was 0.02 seconds.     
 -2logL { S(~Sex) } = 101.78864     
 Penalty { S(~Sex) } = 0.0000000     
 Gradient { S(~Sex) }:
   0.0000000     -0.55834561E-06
 Maximum ABS(G) { S(~Sex) } = 0.5583456E-06 
 CPU Time to compute VC matrix was 0.01 seconds.     
 S Vector { S(~Sex) }:
   17.07297      2.691599    
 CPU Time to invert VC matrix was 0.01 seconds.     
 Gap Method for Num. of Estimated Parameters { S(~Sex) } = 2          
 Threshold { S(~Sex) } = 0.1116691E-05           
 Numerical Threshold Method for Num. of Estimated Parameters { S(~Sex) } = 2          
 Number of Estimated Parameters { S(~Sex) } = 2          
 DEVIANCE { S(~Sex) } = 11.243128               
 DEVIANCE Degrees of Freedom { S(~Sex) } = 10          
 c-hat { S(~Sex) } = 1.1243128               
 AIC { S(~Sex) } = 105.78864               
 AICc { S(~Sex) } = 105.85606               
 BIC { S(~Sex) } = 112.18564               
 Pearson Chisquare { S(~Sex) } = 263.45578               
 Possible Encounter Histories { S(~Sex) } = 24          
 Pearson Chisquare df { S(~Sex) } = 20          
 Pearson chat { S(~Sex) } = 13.172789               
 Sum(Observed/Expected) { S(~Sex) } = 14.427858               
 s-bar { S(~Sex) } = -0.4350973              
 Fletcher chat { S(~Sex) } = 23.318688               


                      LOGIT Link Function Parameters of { S(~Sex) }
                                                              95% Confidence Interval
    Parameter                  Beta         Standard Error     Lower           Upper
 -------------------------  --------------  --------------  --------------  --------------
    1:S:(Intercept)          2.6741486       0.3655416       1.9576870       3.3906103    
    2:S:SexM                -0.7080358       0.5444978      -1.7752515       0.3591798    

  Program  MARK  - Survival Rate Estimation with Capture-Recapture Data
   gfortran(dble) Vers. 9.0 Jan 2019  16-Nov-2021 17:13:12    Page  003
 - - - - - - - - - - - - - - - - - - - - - - - - - - - - - - - - - - - - - -
 


                         Real Function Parameters of { S(~Sex) }
                                                               95% Confidence Interval
     Parameter                Estimate       Standard Error     Lower           Upper
 --------------------------  --------------  --------------  --------------  --------------
     1:S gF a1 t2             0.9354839       0.0220618       0.8762824       0.9674098                          
     2:S gM a1 t2             0.8771930       0.0434732       0.7640735       0.9403121                          


                     Estimates of Derived Parameters
                    Survival Estimates of { S(~Sex) }

       Pr. Surviving
        Duration of                   95% Confidence Interval
 Group     Study      Standard Error     Lower          Upper     
 ----- -------------- -------------- -------------- --------------
   1    0.6702207      0.0948362      0.4670968      0.8249383    
   2    0.4555865      0.1354717      0.2229307      0.7093897    

   CPU Time for the last procedure was 0.02 seconds.     

  Program  MARK  - Survival Rate Estimation with Capture-Recapture Data
   gfortran(dble) Vers. 9.0 Jan 2019  16-Nov-2021 17:13:12    Page  004
 - - - - - - - - - - - - - - - - - - - - - - - - - - - - - - - - - - - - - -
 


  INPUT --- proc stop;

     CPU Time in minutes for this job was 0.00

     Time Start = 17:13:12.782   Time End = 17:13:12.801

     Wall Clock Time in minutes for this job was 0.00


          E X E C U T I O N   S U C C E S S F U L 
