
   Program  MARK  - Survival Rate Estimation with Capture-Recapture Data
   gfortran(dble) Vers. 9.0 Jan 2019  16-Nov-2021 16:19:26    Page  001
    
 - - - - - - - - - - - - - - - - - - - - - - - - - - - - - - - - - - - - - -
 
   Welcome to MARK Owner on machine DESKTOP-OAF25D7 in subdirectory 
   "C:\Users\Owner\Desktop\WildlifeDataAnalysis\WildlifeDataAnalysis\6_survival\Known_fate" running file "mark001.inp".
   This version was compiled by GCC version 10.3.0 using the options: 
     -cpp -iprefix c:\tdm-gcc-64\gcc64\bin\../lib/gcc/x86_64-w64-mingw32/10.3.0/
     -D_MT -U_REENTRANT -D IEEE -D DBLEPRECISION -m64 -mtune=generic -march=x86-64
     -mthreads -O2 -std=f2018 -fimplicit-none -fbounds-check -funroll-loops
     -ftree-vectorize -ffpe-summary=invalid,zero,overflow,underflow
     -fno-unsafe-math-optimizations -frounding-math -fsignaling-nans -flto
     -fall-intrinsics -fopenmp.

   This problem will use 7 of 8 possible threads.


  INPUT --- proc title ;

   CPU Time for the last procedure was 0.01 seconds.     


  INPUT --- proc chmatrix occasions= 8 groups= 2 etype= Known Nodes= 
  INPUT --- 101 ICMeans NoHist hist= 17  ;

  INPUT ---    time interval 1 1 1 1 1 1 1 1 ;

  INPUT ---    glabel(1)=SexF;

  INPUT ---    glabel(2)=SexM;

   * *  WARNING  * *   At least a pair of the encounter histories are duplicates. 

      Number of unique encounter histories read was 10.

      Number of individual covariates read was 0.
      Time interval lengths are all equal to 1.

      Data type number is 4
      Data type is Known Fate

   CPU Time for the last procedure was 0.01 seconds.     

  Program  MARK  - Survival Rate Estimation with Capture-Recapture Data
   gfortran(dble) Vers. 9.0 Jan 2019  16-Nov-2021 16:19:26    Page  002
 - - - - - - - - - - - - - - - - - - - - - - - - - - - - - - - - - - - - - -
 


  INPUT --- proc estimate link=Logit NOLOOP varest=2ndPart    ;


  INPUT --- model={ S(~1) };

  INPUT ---    group=1 S    rows=1 cols=8 Square ;
  INPUT ---        1 1 1 1 1 1 1 1 ;

  INPUT ---    group=2 S    rows=1 cols=8 Square ;
  INPUT ---        1 1 1 1 1 1 1 1 ;

  INPUT ---    design matrix constraints=1 covariates=1 identity;
  INPUT ---       blabel(1)=S:(Intercept);
  INPUT ---       rlabel(1)=S gF a1 t2;

 Link Function Used is LOGIT        

 Variance Estimation Procedure Used is 2ndPart 
 -2logL(saturated) = 117.80615     
 Effective Sample Size = 284

 Number of function evaluations was 10 for 1 parameters.
 CPU Time for numerical optimization was 0.01 seconds.     
 -2logL { S(~1) } = 134.14395     
 Penalty { S(~1) } = 0.0000000     
 Gradient { S(~1) }:
   0.0000000    
 Maximum ABS(G) { S(~1) } = 0.0000000     
 CPU Time to compute VC matrix was 0.01 seconds.     
 S Vector { S(~1) }:
   16.85916    
 CPU Time to invert VC matrix was 0.01 seconds.     
 Gap Method for Num. of Estimated Parameters { S(~1) } = 1          
 Numerical Threshold Method for Num. of Estimated Parameters { S(~1) } = 1          
 Number of Estimated Parameters { S(~1) } = 1          
 DEVIANCE { S(~1) } = 16.337798               
 DEVIANCE Degrees of Freedom { S(~1) } = 15          
 c-hat { S(~1) } = 1.0891866               
 AIC { S(~1) } = 136.14395               
 AICc { S(~1) } = 136.15813               
 BIC { S(~1) } = 139.79292               
 Pearson Chisquare { S(~1) } = 77.797320               
 Possible Encounter Histories { S(~1) } = 32          
 Pearson Chisquare df { S(~1) } = 29          
 Pearson chat { S(~1) } = 2.6826662               
 Sum(Observed/Expected) { S(~1) } = 16.674105               
 s-bar { S(~1) } = -0.5108632              
 Fletcher chat { S(~1) } = 5.4844901               


                       LOGIT Link Function Parameters of { S(~1) }
                                                              95% Confidence Interval
    Parameter                  Beta         Standard Error     Lower           Upper
 -------------------------  --------------  --------------  --------------  --------------
    1:S:(Intercept)          2.6931245       0.2435466       2.2157732       3.1704759    


                          Real Function Parameters of { S(~1) }
                                                               95% Confidence Interval
     Parameter                Estimate       Standard Error     Lower           Upper
 --------------------------  --------------  --------------  --------------  --------------

  Program  MARK  - Survival Rate Estimation with Capture-Recapture Data
   gfortran(dble) Vers. 9.0 Jan 2019  16-Nov-2021 16:19:26    Page  003
 - - - - - - - - - - - - - - - - - - - - - - - - - - - - - - - - - - - - - -
 
     1:S gF a1 t2             0.9366197       0.0144577       0.9016570       0.9597080                          


                     Estimates of Derived Parameters
                     Survival Estimates of { S(~1) }

       Pr. Surviving
        Duration of                   95% Confidence Interval
 Group     Study      Standard Error     Lower          Upper     
 ----- -------------- -------------- -------------- --------------
   1    0.5922518      0.0731362      0.4451435      0.7244965    
   2    0.5922518      0.0731362      0.4451435      0.7244965    

   CPU Time for the last procedure was 0.01 seconds.     


  INPUT --- proc stop;

     CPU Time in minutes for this job was 0.00

     Time Start = 16:19:26.313   Time End = 16:19:26.323

     Wall Clock Time in minutes for this job was 0.00


          E X E C U T I O N   S U C C E S S F U L 
