
   Program  MARK  - Survival Rate Estimation with Capture-Recapture Data
   gfortran(dble) Vers. 9.0 Jan 2019  16-Nov-2021 16:35:17    Page  001
    
 - - - - - - - - - - - - - - - - - - - - - - - - - - - - - - - - - - - - - -
 
   Welcome to MARK Owner on machine DESKTOP-OAF25D7 in subdirectory 
   "C:\Users\Owner\Desktop\WildlifeDataAnalysis\WildlifeDataAnalysis\6_survival\Known_fate" running file "mark002.inp".
   This version was compiled by GCC version 10.3.0 using the options: 
     -cpp -iprefix c:\tdm-gcc-64\gcc64\bin\../lib/gcc/x86_64-w64-mingw32/10.3.0/
     -D_MT -U_REENTRANT -D IEEE -D DBLEPRECISION -m64 -mtune=generic -march=x86-64
     -mthreads -O2 -std=f2018 -fimplicit-none -fbounds-check -funroll-loops
     -ftree-vectorize -ffpe-summary=invalid,zero,overflow,underflow
     -fno-unsafe-math-optimizations -frounding-math -fsignaling-nans -flto
     -fall-intrinsics -fopenmp.

   This problem will use 7 of 8 possible threads.


  INPUT --- proc title ;

   CPU Time for the last procedure was 0.01 seconds.     


  INPUT --- proc chmatrix occasions= 8 groups= 2 etype= Known Nodes= 
  INPUT --- 101 icovar = 1 ICMeans  NoHist hist= 45 ;

  INPUT ---    time interval 1 1 1 1 1 1 1 1 ;

  INPUT ---     icovariates Weight ;

  INPUT ---    glabel(1)=SexF;

  INPUT ---    glabel(2)=SexM;

      Number of unique encounter histories read was 45.

      Number of individual covariates read was 1.
      Time interval lengths are all equal to 1.

      Data type number is 4
      Data type is Known Fate

   CPU Time for the last procedure was 0.01 seconds.     

  Program  MARK  - Survival Rate Estimation with Capture-Recapture Data
   gfortran(dble) Vers. 9.0 Jan 2019  16-Nov-2021 16:35:17    Page  002
 - - - - - - - - - - - - - - - - - - - - - - - - - - - - - - - - - - - - - -
 


  INPUT --- proc estimate link=Logit NOLOOP varest=2ndPart    ;


  INPUT --- model={ S(~Weight) };

  INPUT ---    group=1 S    rows=1 cols=8 Square ;
  INPUT ---        1 1 1 1 1 1 1 1 ;

  INPUT ---    group=2 S    rows=1 cols=8 Square ;
  INPUT ---        1 1 1 1 1 1 1 1 ;

  INPUT ---    design matrix constraints=1 covariates=2;
  INPUT ---        1 Weight;
  INPUT ---       blabel(1)=S:(Intercept);
  INPUT ---       blabel(2)=S:Weight;
  INPUT ---       rlabel(1)=S gF a1 t2;

 Link Function Used is LOGIT        

 Variance Estimation Procedure Used is 2ndPart 
 -2logL(saturated) = 0.0000000     
 Effective Sample Size = 284

 Number of function evaluations was 16 for 2 parameters.
 CPU Time for numerical optimization was 0.02 seconds.     
 -2logL { S(~Weight) } = 132.83935     
 Penalty { S(~Weight) } = 0.0000000     
 Gradient { S(~Weight) }:
 -0.66757625E-05 -0.54930585E-05
 Maximum ABS(G) { S(~Weight) } = 0.6675763E-05 
 CPU Time to compute VC matrix was 0.01 seconds.     
 S Vector { S(~Weight) }:
   27.59365     0.4298311E-01
 CPU Time to invert VC matrix was 0.01 seconds.     
 Gap Method for Num. of Estimated Parameters { S(~Weight) } = 2          
 Threshold { S(~Weight) } = 0.1335153E-04           
 Numerical Threshold Method for Num. of Estimated Parameters { S(~Weight) } = 2          
 Number of Estimated Parameters { S(~Weight) } = 2          
 DEVIANCE { S(~Weight) } = 132.83935               
 DEVIANCE Degrees of Freedom { S(~Weight) } = 46          
 c-hat { S(~Weight) } = 2.8878120               
 AIC { S(~Weight) } = 136.83935               
 AICc { S(~Weight) } = 136.88206               
 BIC { S(~Weight) } = 144.13730               
 Pearson Chisquare { S(~Weight) } = 358.89926               


                     LOGIT Link Function Parameters of { S(~Weight) }
                                                              95% Confidence Interval
    Parameter                  Beta         Standard Error     Lower           Upper
 -------------------------  --------------  --------------  --------------  --------------
    1:S:(Intercept)         -0.7142749       3.0251444      -6.6435579       5.2150082    
    2:S:Weight               2.9636855       2.6490198      -2.2283934       8.1557645    

  Program  MARK  - Survival Rate Estimation with Capture-Recapture Data
   gfortran(dble) Vers. 9.0 Jan 2019  16-Nov-2021 16:35:17    Page  003
 - - - - - - - - - - - - - - - - - - - - - - - - - - - - - - - - - - - - - -
 


                        Real Function Parameters of { S(~Weight) }

      Following estimates based on unstandardized individual covariate values:
          Variable   Value         
          ---------  ------------- 
          WEIGHT      1.1591667    
                                                               95% Confidence Interval
     Parameter                Estimate       Standard Error     Lower           Upper
 --------------------------  --------------  --------------  --------------  --------------
     1:S gF a1 t2             0.9382621       0.0144993       0.9029580       0.9612733                          


                     Estimates of Derived Parameters
                   Survival Estimates of { S(~Weight) }

       Pr. Surviving
        Duration of                   95% Confidence Interval
 Group     Study      Standard Error     Lower          Upper     
 ----- -------------- -------------- -------------- --------------
   1    0.6006109      0.0742514      0.4504915      0.7339404    
   2    0.6006109      0.0742514      0.4504915      0.7339404    

   CPU Time for the last procedure was 0.03 seconds.     

  Program  MARK  - Survival Rate Estimation with Capture-Recapture Data
   gfortran(dble) Vers. 9.0 Jan 2019  16-Nov-2021 16:35:17    Page  004
 - - - - - - - - - - - - - - - - - - - - - - - - - - - - - - - - - - - - - -
 


  INPUT --- proc stop;

     CPU Time in minutes for this job was 0.00

     Time Start = 16:35:17.144   Time End = 16:35:17.170

     Wall Clock Time in minutes for this job was 0.00


          E X E C U T I O N   S U C C E S S F U L 
