
   Program  MARK  - Survival Rate Estimation with Capture-Recapture Data
   gfortran(dble) Vers. 9.0 Jan 2019  16-Nov-2021 17:11:52    Page  001
    
 - - - - - - - - - - - - - - - - - - - - - - - - - - - - - - - - - - - - - -
 
   Welcome to MARK Owner on machine DESKTOP-OAF25D7 in subdirectory 
   "C:\Users\Owner\Desktop\WildlifeDataAnalysis\WildlifeDataAnalysis\6_survival\Known_fate" running file "mark013.inp".
   This version was compiled by GCC version 10.3.0 using the options: 
     -cpp -iprefix c:\tdm-gcc-64\gcc64\bin\../lib/gcc/x86_64-w64-mingw32/10.3.0/
     -D_MT -U_REENTRANT -D IEEE -D DBLEPRECISION -m64 -mtune=generic -march=x86-64
     -mthreads -O2 -std=f2018 -fimplicit-none -fbounds-check -funroll-loops
     -ftree-vectorize -ffpe-summary=invalid,zero,overflow,underflow
     -fno-unsafe-math-optimizations -frounding-math -fsignaling-nans -flto
     -fall-intrinsics -fopenmp.

   This problem will use 7 of 8 possible threads.


  INPUT --- proc title ;

   CPU Time for the last procedure was 0.02 seconds.     


  INPUT --- proc chmatrix occasions= 6 groups= 2 etype= Known Nodes= 
  INPUT --- 101 icovar = 1 ICMeans  NoHist hist= 50 ;

  INPUT ---    time interval 1 1 1 1 1 1 ;

  INPUT ---     icovariates Mass ;

  INPUT ---    glabel(1)=SexF;

  INPUT ---    glabel(2)=SexM;

      Number of unique encounter histories read was 50.

      Number of individual covariates read was 1.
      Time interval lengths are all equal to 1.

      Data type number is 4
      Data type is Known Fate

   CPU Time for the last procedure was 0.01 seconds.     

  Program  MARK  - Survival Rate Estimation with Capture-Recapture Data
   gfortran(dble) Vers. 9.0 Jan 2019  16-Nov-2021 17:11:52    Page  002
 - - - - - - - - - - - - - - - - - - - - - - - - - - - - - - - - - - - - - -
 


  INPUT --- proc estimate link=Logit NOLOOP varest=2ndPart    ;


  INPUT --- model={ S(~Mass) };

  INPUT ---    group=1 S    rows=1 cols=6 Square ;
  INPUT ---        1 1 1 1 1 1 ;

  INPUT ---    group=2 S    rows=1 cols=6 Square ;
  INPUT ---        1 1 1 1 1 1 ;

  INPUT ---    design matrix constraints=1 covariates=2;
  INPUT ---        1 Mass;
  INPUT ---       blabel(1)=S:(Intercept);
  INPUT ---       blabel(2)=S:Mass;
  INPUT ---       rlabel(1)=S gF a1 t2;

 Link Function Used is LOGIT        

 Variance Estimation Procedure Used is 2ndPart 
 -2logL(saturated) = 0.0000000     
 Effective Sample Size = 181

 Number of function evaluations was 14 for 2 parameters.
 CPU Time for numerical optimization was 0.01 seconds.     
 -2logL { S(~Mass) } = 103.43447     
 Penalty { S(~Mass) } = 0.0000000     
 Gradient { S(~Mass) }:
  0.28022106E-05  0.19052543E-05
 Maximum ABS(G) { S(~Mass) } = 0.2802211E-05 
 CPU Time to compute VC matrix was 0.06 seconds.     
 S Vector { S(~Mass) }:
   18.75989     0.7370800    
 CPU Time to invert VC matrix was 0.01 seconds.     
 Gap Method for Num. of Estimated Parameters { S(~Mass) } = 2          
 Threshold { S(~Mass) } = 0.5604421E-05           
 Numerical Threshold Method for Num. of Estimated Parameters { S(~Mass) } = 2          
 Number of Estimated Parameters { S(~Mass) } = 2          
 DEVIANCE { S(~Mass) } = 103.43447               
 DEVIANCE Degrees of Freedom { S(~Mass) } = 48          
 c-hat { S(~Mass) } = 2.1548848               
 AIC { S(~Mass) } = 107.43447               
 AICc { S(~Mass) } = 107.50189               
 BIC { S(~Mass) } = 113.83147               
 Pearson Chisquare { S(~Mass) } = 213.91930               


                      LOGIT Link Function Parameters of { S(~Mass) }
                                                              95% Confidence Interval
    Parameter                  Beta         Standard Error     Lower           Upper
 -------------------------  --------------  --------------  --------------  --------------
    1:S:(Intercept)          2.4032927       0.6442967       1.1404712       3.6661143    
    2:S:Mass                 0.2198442E-04   0.0199489      -0.0390778       0.0391217    

  Program  MARK  - Survival Rate Estimation with Capture-Recapture Data
   gfortran(dble) Vers. 9.0 Jan 2019  16-Nov-2021 17:11:52    Page  003
 - - - - - - - - - - - - - - - - - - - - - - - - - - - - - - - - - - - - - -
 


                         Real Function Parameters of { S(~Mass) }

      Following estimates based on unstandardized individual covariate values:
          Variable   Value         
          ---------  ------------- 
          MASS        29.320000    
                                                               95% Confidence Interval
     Parameter                Estimate       Standard Error     Lower           Upper
 --------------------------  --------------  --------------  --------------  --------------
     1:S gF a1 t2             0.9171271       0.0204919       0.8670930       0.9494240                          


                     Estimates of Derived Parameters
                    Survival Estimates of { S(~Mass) }

       Pr. Surviving
        Duration of                   95% Confidence Interval
 Group     Study      Standard Error     Lower          Upper     
 ----- -------------- -------------- -------------- --------------
   1    0.5950823      0.0797776      0.4344035      0.7376788    
   2    0.5950823      0.0797776      0.4344035      0.7376788    

   CPU Time for the last procedure was 0.06 seconds.     

  Program  MARK  - Survival Rate Estimation with Capture-Recapture Data
   gfortran(dble) Vers. 9.0 Jan 2019  16-Nov-2021 17:11:52    Page  004
 - - - - - - - - - - - - - - - - - - - - - - - - - - - - - - - - - - - - - -
 


  INPUT --- proc stop;

     CPU Time in minutes for this job was 0.00

     Time Start = 17:11:52.794   Time End = 17:11:52.812

     Wall Clock Time in minutes for this job was 0.00


          E X E C U T I O N   S U C C E S S F U L 
