
   Program  MARK  - Survival Rate Estimation with Capture-Recapture Data
   gfortran(dble) Vers. 9.0 Jan 2019  16-Nov-2021 16:37:15    Page  001
    
 - - - - - - - - - - - - - - - - - - - - - - - - - - - - - - - - - - - - - -
 
   Welcome to MARK Owner on machine DESKTOP-OAF25D7 in subdirectory 
   "C:\Users\Owner\Desktop\WildlifeDataAnalysis\WildlifeDataAnalysis\6_survival\Known_fate" running file "mark006.inp".
   This version was compiled by GCC version 10.3.0 using the options: 
     -cpp -iprefix c:\tdm-gcc-64\gcc64\bin\../lib/gcc/x86_64-w64-mingw32/10.3.0/
     -D_MT -U_REENTRANT -D IEEE -D DBLEPRECISION -m64 -mtune=generic -march=x86-64
     -mthreads -O2 -std=f2018 -fimplicit-none -fbounds-check -funroll-loops
     -ftree-vectorize -ffpe-summary=invalid,zero,overflow,underflow
     -fno-unsafe-math-optimizations -frounding-math -fsignaling-nans -flto
     -fall-intrinsics -fopenmp.

   This problem will use 7 of 8 possible threads.


  INPUT --- proc title ;

   CPU Time for the last procedure was 0.01 seconds.     


  INPUT --- proc chmatrix occasions= 8 groups= 2 etype= Known Nodes= 
  INPUT --- 101 ICMeans NoHist hist= 17  ;

  INPUT ---    time interval 1 1 1 1 1 1 1 1 ;

  INPUT ---    glabel(1)=SexF;

  INPUT ---    glabel(2)=SexM;

   * *  WARNING  * *   At least a pair of the encounter histories are duplicates. 

      Number of unique encounter histories read was 10.

      Number of individual covariates read was 0.
      Time interval lengths are all equal to 1.

      Data type number is 4
      Data type is Known Fate

   CPU Time for the last procedure was 0.01 seconds.     

  Program  MARK  - Survival Rate Estimation with Capture-Recapture Data
   gfortran(dble) Vers. 9.0 Jan 2019  16-Nov-2021 16:37:15    Page  002
 - - - - - - - - - - - - - - - - - - - - - - - - - - - - - - - - - - - - - -
 


  INPUT --- proc estimate link=Logit NOLOOP varest=2ndPart    ;


  INPUT --- model={ S(~time) };

  INPUT ---    group=1 S    rows=1 cols=8 Square ;
  INPUT ---        1 2 3 4 5 6 7 8 ;

  INPUT ---    group=2 S    rows=1 cols=8 Square ;
  INPUT ---        1 2 3 4 5 6 7 8 ;

  INPUT ---    design matrix constraints=8 covariates=8;
  INPUT ---        1 0 0 0 0 0 0 0;
  INPUT ---        1 1 0 0 0 0 0 0;
  INPUT ---        1 0 1 0 0 0 0 0;
  INPUT ---        1 0 0 1 0 0 0 0;
  INPUT ---        1 0 0 0 1 0 0 0;
  INPUT ---        1 0 0 0 0 1 0 0;
  INPUT ---        1 0 0 0 0 0 1 0;
  INPUT ---        1 0 0 0 0 0 0 1;
  INPUT ---       blabel(1)=S:(Intercept);
  INPUT ---       blabel(2)=S:time3;
  INPUT ---       blabel(3)=S:time4;
  INPUT ---       blabel(4)=S:time5;
  INPUT ---       blabel(5)=S:time6;
  INPUT ---       blabel(6)=S:time7;
  INPUT ---       blabel(7)=S:time8;
  INPUT ---       blabel(8)=S:time9;
  INPUT ---       rlabel(1)=S gF a1 t2;
  INPUT ---       rlabel(2)=S gF a2 t3;
  INPUT ---       rlabel(3)=S gF a3 t4;
  INPUT ---       rlabel(4)=S gF a4 t5;
  INPUT ---       rlabel(5)=S gF a5 t6;
  INPUT ---       rlabel(6)=S gF a6 t7;
  INPUT ---       rlabel(7)=S gF a7 t8;
  INPUT ---       rlabel(8)=S gF a8 t9;

 Link Function Used is LOGIT        

 Variance Estimation Procedure Used is 2ndPart 
 -2logL(saturated) = 117.80615     
 Effective Sample Size = 284

 Number of function evaluations was 44 for 8 parameters.
 CPU Time for numerical optimization was 0.16 seconds.     

  Program  MARK  - Survival Rate Estimation with Capture-Recapture Data
   gfortran(dble) Vers. 9.0 Jan 2019  16-Nov-2021 16:37:20    Page  003
 - - - - - - - - - - - - - - - - - - - - - - - - - - - - - - - - - - - - - -
 
 -2logL { S(~time) } = 123.69500     
 Penalty { S(~time) } = 0.0000000     
 Gradient { S(~time) }:
 -0.37359315E-05  0.54915269E-05 -0.35514209E-05 -0.32512843E-05  0.42688579E-05
 -0.34934633E-06 -0.45627781E-05   0.0000000    
 Maximum ABS(G) { S(~time) } = 0.5491527E-05 
 CPU Time to compute VC matrix was 0.06 seconds.     
 S Vector { S(~time) }:
   19.25110      3.964314      3.031998      2.254902      1.908575    
   1.066240     0.1317938     0.5223214E-08
 CPU Time to invert VC matrix was 0.01 seconds.     
 Ratio Threshold = 50.000000       Max Gap (7/8) = 25232322.       Next Max Gap (6/7) = 8.0902092     
 Gap Method for Num. of Estimated Parameters { S(~time) } = 7          
 Threshold { S(~time) } = 0.1098305E-04           
 Numerical Threshold Method for Num. of Estimated Parameters { S(~time) } = 7          
 Number of Estimated Parameters { S(~time) } = 7          
 DEVIANCE { S(~time) } = 5.8888461               
 DEVIANCE Degrees of Freedom { S(~time) } = 9          
 c-hat { S(~time) } = 0.6543162               
 AIC { S(~time) } = 137.69500               
 AICc { S(~time) } = 138.10079               
 BIC { S(~time) } = 163.23782               
 Pearson Chisquare { S(~time) } = 75.834801               
 Possible Encounter Histories { S(~time) } = 32          
 Pearson Chisquare df { S(~time) } = 23          
 Pearson chat { S(~time) } = 3.2971653               
 Sum(Observed/Expected) { S(~time) } = 14.789537               
 s-bar { S(~time) } = -0.5736821              
 Fletcher chat { S(~time) } = 7.7340531               


                      LOGIT Link Function Parameters of { S(~time) }
                                                              95% Confidence Interval
    Parameter                  Beta         Standard Error     Lower           Upper
 -------------------------  --------------  --------------  --------------  --------------
    1:S:(Intercept)          3.8501457       1.0105823       1.8694043       5.8308871    
    2:S:time3               -0.7366287       1.2423768      -3.1716873       1.6984299    
    3:S:time4               -0.8797322       1.2437514      -3.3174849       1.5580205    
    4:S:time5               -1.9332234       1.1183418      -4.1251735       0.2587266    
    5:S:time6               -1.9042349       1.1432372      -4.1449798       0.3365100    
    6:S:time7               -1.7298822       1.1809361      -4.0445170       0.5847526    
    7:S:time8               -0.6720942       1.4362942      -3.4872309       2.1430426    
    8:S:time9                18.307389       13836.654      -27101.535       27138.150    


                         Real Function Parameters of { S(~time) }
                                                               95% Confidence Interval
     Parameter                Estimate       Standard Error     Lower           Upper
 --------------------------  --------------  --------------  --------------  --------------
     1:S gF a1 t2             0.9791666       0.0206152       0.8663893       0.9970731                          
     2:S gF a2 t3             0.9574469       0.0294425       0.8451586       0.9893334                          
     3:S gF a3 t4             0.9512195       0.0336412       0.8248260       0.9877685                          
     4:S gF a4 t5             0.8717948       0.0535337       0.7267394       0.9456127                          
     5:S gF a5 t6             0.8750001       0.0584634       0.7105890       0.9522830                          
     6:S gF a6 t7             0.8928571       0.0584512       0.7155886       0.9650359                          
     7:S gF a7 t8             0.9599999       0.0391919       0.7645227       0.9943949                          
     8:S gF a8 t9             1.0000000       0.3297131E-05   0.9999935       1.0000065                          

  Program  MARK  - Survival Rate Estimation with Capture-Recapture Data
   gfortran(dble) Vers. 9.0 Jan 2019  16-Nov-2021 16:37:20    Page  004
 - - - - - - - - - - - - - - - - - - - - - - - - - - - - - - - - - - - - - -
 


                     Estimates of Derived Parameters
                    Survival Estimates of { S(~time) }

       Pr. Surviving
        Duration of                   95% Confidence Interval
 Group     Study      Standard Error     Lower          Upper     
 ----- -------------- -------------- -------------- --------------
   1    0.5830792      0.0756366      0.4318272      0.7201597    
   2    0.5830792      0.0756366      0.4318272      0.7201597    

 Attempted ordering of parameters by estimatibility:
  1 4 5 6 2 3 7 8
 Beta number 8 is a singular value.

   CPU Time for the last procedure was 0.23 seconds.     


  INPUT --- proc stop;

     CPU Time in minutes for this job was 0.00

     Time Start = 16:37:15.104   Time End = 16:37:20.290

     Wall Clock Time in minutes for this job was 0.09


          E X E C U T I O N   S U C C E S S F U L 
