
   Program  MARK  - Survival Rate Estimation with Capture-Recapture Data
   gfortran(dble) Vers. 9.0 Jan 2019  16-Nov-2021 16:35:31    Page  001
    
 - - - - - - - - - - - - - - - - - - - - - - - - - - - - - - - - - - - - - -
 
   Welcome to MARK Owner on machine DESKTOP-OAF25D7 in subdirectory 
   "C:\Users\Owner\Desktop\WildlifeDataAnalysis\WildlifeDataAnalysis\6_survival\Known_fate" running file "mark003.inp".
   This version was compiled by GCC version 10.3.0 using the options: 
     -cpp -iprefix c:\tdm-gcc-64\gcc64\bin\../lib/gcc/x86_64-w64-mingw32/10.3.0/
     -D_MT -U_REENTRANT -D IEEE -D DBLEPRECISION -m64 -mtune=generic -march=x86-64
     -mthreads -O2 -std=f2018 -fimplicit-none -fbounds-check -funroll-loops
     -ftree-vectorize -ffpe-summary=invalid,zero,overflow,underflow
     -fno-unsafe-math-optimizations -frounding-math -fsignaling-nans -flto
     -fall-intrinsics -fopenmp.

   This problem will use 7 of 8 possible threads.


  INPUT --- proc title ;

   CPU Time for the last procedure was 0.01 seconds.     


  INPUT --- proc chmatrix occasions= 8 groups= 2 etype= Known Nodes= 
  INPUT --- 101 icovar = 1 ICMeans  NoHist hist= 42 ;

  INPUT ---    time interval 1 1 1 1 1 1 1 1 ;

  INPUT ---     icovariates Wing_Len ;

  INPUT ---    glabel(1)=SexF;

  INPUT ---    glabel(2)=SexM;

      Number of unique encounter histories read was 42.

      Number of individual covariates read was 1.
      Time interval lengths are all equal to 1.

      Data type number is 4
      Data type is Known Fate

   CPU Time for the last procedure was 0.01 seconds.     

  Program  MARK  - Survival Rate Estimation with Capture-Recapture Data
   gfortran(dble) Vers. 9.0 Jan 2019  16-Nov-2021 16:35:31    Page  002
 - - - - - - - - - - - - - - - - - - - - - - - - - - - - - - - - - - - - - -
 


  INPUT --- proc estimate link=Logit NOLOOP varest=2ndPart    ;


  INPUT --- model={ S(~Wing_Len) };

  INPUT ---    group=1 S    rows=1 cols=8 Square ;
  INPUT ---        1 1 1 1 1 1 1 1 ;

  INPUT ---    group=2 S    rows=1 cols=8 Square ;
  INPUT ---        1 1 1 1 1 1 1 1 ;

  INPUT ---    design matrix constraints=1 covariates=2;
  INPUT ---        1 Wing_Len;
  INPUT ---       blabel(1)=S:(Intercept);
  INPUT ---       blabel(2)=S:Wing_Len;
  INPUT ---       rlabel(1)=S gF a1 t2;

 Link Function Used is LOGIT        

 Variance Estimation Procedure Used is 2ndPart 
 -2logL(saturated) = 0.0000000     
 Effective Sample Size = 284

 Number of function evaluations was 15 for 2 parameters.
 CPU Time for numerical optimization was 0.03 seconds.     
 -2logL { S(~Wing_Len) } = 134.14354     
 Penalty { S(~Wing_Len) } = 0.0000000     
 Gradient { S(~Wing_Len) }:
   0.0000000       0.0000000    
 Maximum ABS(G) { S(~Wing_Len) } = 0.0000000     
 CPU Time to compute VC matrix was 0.01 seconds.     
 S Vector { S(~Wing_Len) }:
   31.95074     0.4702010E-02
 CPU Time to invert VC matrix was 0.01 seconds.     
 Gap Method for Num. of Estimated Parameters { S(~Wing_Len) } = 2          
 Numerical Threshold Method for Num. of Estimated Parameters { S(~Wing_Len) } = 2          
 Number of Estimated Parameters { S(~Wing_Len) } = 2          
 DEVIANCE { S(~Wing_Len) } = 134.14354               
 DEVIANCE Degrees of Freedom { S(~Wing_Len) } = 46          
 c-hat { S(~Wing_Len) } = 2.9161639               
 AIC { S(~Wing_Len) } = 138.14354               
 AICc { S(~Wing_Len) } = 138.18625               
 BIC { S(~Wing_Len) } = 145.44149               
 Pearson Chisquare { S(~Wing_Len) } = 352.17382               


                    LOGIT Link Function Parameters of { S(~Wing_Len) }
                                                              95% Confidence Interval
    Parameter                  Beta         Standard Error     Lower           Upper
 -------------------------  --------------  --------------  --------------  --------------
    1:S:(Intercept)          2.8949859       10.024281      -16.752605       22.542577    
    2:S:Wing_Len            -0.0074876       0.3716982      -0.7360161       0.7210410    

  Program  MARK  - Survival Rate Estimation with Capture-Recapture Data
   gfortran(dble) Vers. 9.0 Jan 2019  16-Nov-2021 16:35:31    Page  003
 - - - - - - - - - - - - - - - - - - - - - - - - - - - - - - - - - - - - - -
 


                       Real Function Parameters of { S(~Wing_Len) }

      Following estimates based on unstandardized individual covariate values:
          Variable   Value         
          ---------  ------------- 
          WING_LEN    26.972917    
                                                               95% Confidence Interval
     Parameter                Estimate       Standard Error     Lower           Upper
 --------------------------  --------------  --------------  --------------  --------------
     1:S gF a1 t2             0.9366138       0.0144614       0.9016410       0.9597072                          


                     Estimates of Derived Parameters
                  Survival Estimates of { S(~Wing_Len) }

       Pr. Surviving
        Duration of                   95% Confidence Interval
 Group     Study      Standard Error     Lower          Upper     
 ----- -------------- -------------- -------------- --------------
   1    0.5922216      0.0731517      0.4450849      0.7244940    
   2    0.5922216      0.0731517      0.4450849      0.7244940    

   CPU Time for the last procedure was 0.03 seconds.     

  Program  MARK  - Survival Rate Estimation with Capture-Recapture Data
   gfortran(dble) Vers. 9.0 Jan 2019  16-Nov-2021 16:35:31    Page  004
 - - - - - - - - - - - - - - - - - - - - - - - - - - - - - - - - - - - - - -
 


  INPUT --- proc stop;

     CPU Time in minutes for this job was 0.00

     Time Start = 16:35:31.095   Time End = 16:35:31.111

     Wall Clock Time in minutes for this job was 0.00


          E X E C U T I O N   S U C C E S S F U L 
